Watching for file changes with StatReloader
Not Found: /admin
[12/May/2026 02:45:31] "GET /admin HTTP/1.1" 404 1823
Not Found: /favicon.ico
[12/May/2026 02:45:31] "GET /favicon.ico HTTP/1.1" 404 1835
[12/May/2026 03:02:43] "GET / HTTP/1.1" 200 3267
Not Found: /favicon.ico
[12/May/2026 03:02:43] "GET /favicon.ico HTTP/1.1" 404 3418
[12/May/2026 03:03:02] "GET /admin HTTP/1.1" 301 0
[12/May/2026 03:03:02] "GET /admin/ HTTP/1.1" 302 0
[12/May/2026 03:03:02] "GET /admin/login/?next=/admin/ HTTP/1.1" 200 4362
[12/May/2026 03:03:02] "GET /static/admin/css/dark_mode.css HTTP/1.1" 200 3538
[12/May/2026 03:03:02] "GET /static/admin/js/nav_sidebar.js HTTP/1.1" 200 3063
[12/May/2026 03:03:02] "GET /static/admin/css/base.css HTTP/1.1" 200 23100
[12/May/2026 03:03:02] "GET /static/admin/css/login.css HTTP/1.1" 200 951
[12/May/2026 03:03:02] "GET /static/admin/css/responsive.css HTTP/1.1" 200 16273
[12/May/2026 03:03:02] "GET /static/admin/css/rtl.css HTTP/1.1" 200 4779
[12/May/2026 03:03:02] "GET /static/admin/css/nav_sidebar.css HTTP/1.1" 200 2810
[12/May/2026 03:03:02] "GET /static/admin/js/theme.js HTTP/1.1" 200 1653
[12/May/2026 03:03:02] "GET /static/admin/css/responsive_rtl.css HTTP/1.1" 200 2157
[12/May/2026 03:03:16] "POST /admin/login/?next=/admin/ HTTP/1.1" 200 4610
[12/May/2026 03:08:08] "POST /admin/login/?next=/admin/ HTTP/1.1" 200 4610
[12/May/2026 03:08:24] "POST /admin/login/?next=/admin/ HTTP/1.1" 200 4620
[12/May/2026 03:09:45] "GET /admin/login/?next=/admin/ HTTP/1.1" 200 4362
[12/May/2026 03:10:05] "POST /admin/login/?next=/admin/ HTTP/1.1" 200 4610
[12/May/2026 03:22:10] "GET / HTTP/1.1" 200 3267
[12/May/2026 03:22:16] "GET /register/ HTTP/1.1" 200 2985
[12/May/2026 03:22:30] "GET /pricing/ HTTP/1.1" 200 4967
[12/May/2026 03:22:33] "GET /register/ HTTP/1.1" 200 2985
[12/May/2026 03:22:36] "GET /admin/ HTTP/1.1" 200 40885
[12/May/2026 03:22:36] "GET /static/admin/js/theme.js HTTP/1.1" 304 0
[12/May/2026 03:22:36] "GET /static/admin/js/nav_sidebar.js HTTP/1.1" 304 0
[12/May/2026 03:22:36] "GET /static/admin/css/base.css HTTP/1.1" 304 0
[12/May/2026 03:22:36] "GET /static/admin/css/rtl.css HTTP/1.1" 304 0
[12/May/2026 03:22:36] "GET /static/admin/css/dashboard.css HTTP/1.1" 200 441
[12/May/2026 03:22:36] "GET /static/admin/css/nav_sidebar.css HTTP/1.1" 304 0
[12/May/2026 03:22:36] "GET /static/admin/css/dark_mode.css HTTP/1.1" 304 0
[12/May/2026 03:22:36] "GET /static/admin/css/responsive.css HTTP/1.1" 304 0
[12/May/2026 03:22:36] "GET /static/admin/css/responsive_rtl.css HTTP/1.1" 304 0
[12/May/2026 03:22:36] "GET /static/admin/img/icon-viewlink.svg HTTP/1.1" 200 928
[12/May/2026 03:22:36] "GET /static/admin/img/icon-addlink.svg HTTP/1.1" 200 593
[12/May/2026 03:22:36] "GET /static/admin/img/icon-changelink.svg HTTP/1.1" 200 978
[12/May/2026 03:22:47] "GET /register/ HTTP/1.1" 200 2985
Internal Server Error: /register/
Traceback (most recent call last):
  File "D:\S-B\S-B\venv\Lib\site-packages\django\core\handlers\exception.py", line 55, in inner
    response = get_response(request)
  File "D:\S-B\S-B\venv\Lib\site-packages\django\core\handlers\base.py", line 198, in _get_response
    response = wrapped_callback(request, *callback_args, **callback_kwargs)
  File "D:\S-B\S-B\tenants\views.py", line 44, in register
    tenant = Tenant.objects.create(
        company_name=company_name,
    ...<3 lines>...
        is_active=True,
    )
  File "D:\S-B\S-B\venv\Lib\site-packages\django\db\models\manager.py", line 87, in manager_method
    return getattr(self.get_queryset(), name)(*args, **kwargs)
           ~~~~~~~~~~~~~~~~~~~~~~~~~~~~~~~~~~^^^^^^^^^^^^^^^^^
  File "D:\S-B\S-B\venv\Lib\site-packages\django\db\models\query.py", line 669, in create
    obj.save(force_insert=True, using=self.db)
    ~~~~~~~~^^^^^^^^^^^^^^^^^^^^^^^^^^^^^^^^^^
  File "D:\S-B\S-B\venv\Lib\site-packages\django_tenants\models.py", line 107, in save
    raise Exception("Can't create tenant outside the public schema. "
                    "Current schema is %s." % connection.schema_name)
Exception: Can't create tenant outside the public schema. Current schema is local.
[12/May/2026 03:23:50] "POST /register/ HTTP/1.1" 500 88413
[12/May/2026 03:24:07] "GET /register/ HTTP/1.1" 200 2985
Internal Server Error: /register/
Traceback (most recent call last):
  File "D:\S-B\S-B\venv\Lib\site-packages\django\core\handlers\exception.py", line 55, in inner
    response = get_response(request)
  File "D:\S-B\S-B\venv\Lib\site-packages\django\core\handlers\base.py", line 198, in _get_response
    response = wrapped_callback(request, *callback_args, **callback_kwargs)
  File "D:\S-B\S-B\tenants\views.py", line 44, in register
    tenant = Tenant.objects.create(
        company_name=company_name,
    ...<3 lines>...
        is_active=True,
    )
  File "D:\S-B\S-B\venv\Lib\site-packages\django\db\models\manager.py", line 87, in manager_method
    return getattr(self.get_queryset(), name)(*args, **kwargs)
           ~~~~~~~~~~~~~~~~~~~~~~~~~~~~~~~~~~^^^^^^^^^^^^^^^^^
  File "D:\S-B\S-B\venv\Lib\site-packages\django\db\models\query.py", line 669, in create
    obj.save(force_insert=True, using=self.db)
    ~~~~~~~~^^^^^^^^^^^^^^^^^^^^^^^^^^^^^^^^^^
  File "D:\S-B\S-B\venv\Lib\site-packages\django_tenants\models.py", line 107, in save
    raise Exception("Can't create tenant outside the public schema. "
                    "Current schema is %s." % connection.schema_name)
Exception: Can't create tenant outside the public schema. Current schema is local.
[12/May/2026 03:24:34] "POST /register/ HTTP/1.1" 500 88423
[12/May/2026 03:27:18] "GET /register/ HTTP/1.1" 200 2985
Internal Server Error: /register/
Traceback (most recent call last):
  File "D:\S-B\S-B\venv\Lib\site-packages\django\core\handlers\exception.py", line 55, in inner
    response = get_response(request)
  File "D:\S-B\S-B\venv\Lib\site-packages\django\core\handlers\base.py", line 198, in _get_response
    response = wrapped_callback(request, *callback_args, **callback_kwargs)
  File "D:\S-B\S-B\tenants\views.py", line 44, in register
    tenant = Tenant.objects.create(
        company_name=company_name,
    ...<3 lines>...
        is_active=True,
    )
  File "D:\S-B\S-B\venv\Lib\site-packages\django\db\models\manager.py", line 87, in manager_method
    return getattr(self.get_queryset(), name)(*args, **kwargs)
           ~~~~~~~~~~~~~~~~~~~~~~~~~~~~~~~~~~^^^^^^^^^^^^^^^^^
  File "D:\S-B\S-B\venv\Lib\site-packages\django\db\models\query.py", line 669, in create
    obj.save(force_insert=True, using=self.db)
    ~~~~~~~~^^^^^^^^^^^^^^^^^^^^^^^^^^^^^^^^^^
  File "D:\S-B\S-B\venv\Lib\site-packages\django_tenants\models.py", line 107, in save
    raise Exception("Can't create tenant outside the public schema. "
                    "Current schema is %s." % connection.schema_name)
Exception: Can't create tenant outside the public schema. Current schema is local.
[12/May/2026 03:27:36] "POST /register/ HTTP/1.1" 500 88431
